2019-02-22 22:58:19.374 INFO  [main] [AndroidDevice:231] <clinit> - Appium Service URL: http://0.0.0.0:42755/wd/hub
2019-02-22 22:58:19.627 INFO  [main] [AndroidDeviceManager:377] getAvailableDeviceUdids - List of devices attachedZX1G227PZ7	deviceZX1G22MMSQ	deviceZX1G426B3V	device
2019-02-22 22:58:19.726 INFO  [main] [AndroidDevice:249] setupExecutor - Local IP: 192.168.3.10
2019-02-22 22:58:19.840 INFO  [main] [AndroidDevice:249] setupExecutor - Local IP: 192.168.3.10
2019-02-22 22:58:19.953 INFO  [main] [AndroidDevice:249] setupExecutor - Local IP: 192.168.3.10
2019-02-22 22:58:20.114 INFO  [main] [AndroidDevice:296] addAdapter - [ZX1G227PZ7-WeChatAdapter] added 
2019-02-22 22:58:20.116 INFO  [main] [AndroidDeviceManager:164] detectDevices - Add Device:[ZX1G227PZ7] to device container
2019-02-22 22:58:20.117 INFO  [main] [AndroidDeviceManager:171] detectDevices - Try to start Device:[ZX1G227PZ7]
2019-02-22 22:58:20.119 INFO  [ZX1G227PZ7-0] [Init:27] call - [ZX1G227PZ7] Init...
2019-02-22 22:58:20.121 INFO  [ZX1G227PZ7-0] [Init:37] call - [ZX1G227PZ7] start proxy...
2019-02-22 22:58:21.076 INFO  [ZX1G227PZ7-0] [AndroidDevice:900] startProxy - Proxy started @proxyPort 41000
2019-02-22 22:58:21.076 INFO  [ZX1G227PZ7-0] [Init:41] call - [ZX1G227PZ7] setup wifi proxy...
2019-02-22 22:58:21.963 INFO  [ZX1G227PZ7-0] [AndroidUtil:356] execShell - 
2019-02-22 22:58:22.820 INFO  [ZX1G227PZ7-0] [AndroidUtil:356] execShell - 
2019-02-22 22:58:24.822 INFO  [ZX1G227PZ7-0] [Init:45] call - [ZX1G227PZ7] start appium local service / driver ...
2019-02-22 22:58:39.114 ERROR [main] [AndroidDevice:397] start - [ZX1G227PZ7] INIT failed, org.openqa.selenium.WebDriverException: It is impossible to create a new session because 'createSession' which takes HttpClient, InputStream and long was not found or it is not accessible
Build info: version: '3.12.0', revision: '7c6e0b3', time: '2018-05-08T14:04:26.12Z'
System info: host: 'KARAJAN-WIN10', ip: '192.168.3.10', os.name: 'Windows 10', os.arch: 'amd64', os.version: '10.0', java.version: '1.8.0_181'
Driver info: driver.version: AndroidDriver
	at io.appium.java_client.remote.AppiumCommandExecutor$1.createSession(AppiumCommandExecutor.java:195) ~[java-client-6.1.0.jar:?]
	at io.appium.java_client.remote.AppiumCommandExecutor.createSession(AppiumCommandExecutor.java:209) ~[java-client-6.1.0.jar:?]
	at io.appium.java_client.remote.AppiumCommandExecutor.execute(AppiumCommandExecutor.java:231) ~[java-client-6.1.0.jar:?]
	at org.openqa.selenium.remote.RemoteWebDriver.execute(RemoteWebDriver.java:543) ~[selenium-remote-driver-3.12.0.jar:?]
	at io.appium.java_client.DefaultGenericMobileDriver.execute(DefaultGenericMobileDriver.java:42) ~[java-client-6.1.0.jar:?]
	at io.appium.java_client.AppiumDriver.execute(AppiumDriver.java:1) ~[java-client-6.1.0.jar:?]
	at io.appium.java_client.android.AndroidDriver.execute(AndroidDriver.java:1) ~[java-client-6.1.0.jar:?]
	at org.openqa.selenium.remote.RemoteWebDriver.startSession(RemoteWebDriver.java:207) ~[selenium-remote-driver-3.12.0.jar:?]
	at org.openqa.selenium.remote.RemoteWebDriver.<init>(RemoteWebDriver.java:130) ~[selenium-remote-driver-3.12.0.jar:?]
	at io.appium.java_client.DefaultGenericMobileDriver.<init>(DefaultGenericMobileDriver.java:38) ~[java-client-6.1.0.jar:?]
	at io.appium.java_client.AppiumDriver.<init>(AppiumDriver.java:84) ~[java-client-6.1.0.jar:?]
	at io.appium.java_client.AppiumDriver.<init>(AppiumDriver.java:94) ~[java-client-6.1.0.jar:?]
	at io.appium.java_client.android.AndroidDriver.<init>(AndroidDriver.java:93) ~[java-client-6.1.0.jar:?]
	at one.rewind.android.automator.deivce.AndroidDevice.initAppiumServiceAndDriver(AndroidDevice.java:960) ~[classes/:?]
	at one.rewind.android.automator.deivce.action.Init.call(Init.java:46) ~[classes/:?]
	at one.rewind.android.automator.deivce.action.Init.call(Init.java:19) ~[classes/:?]
	at java.util.concurrent.FutureTask.run(FutureTask.java:266) ~[?:1.8.0_181]
	at java.util.concurrent.ThreadPoolExecutor.runWorker(ThreadPoolExecutor.java:1149) ~[?:1.8.0_181]
	at java.util.concurrent.ThreadPoolExecutor$Worker.run(ThreadPoolExecutor.java:624) ~[?:1.8.0_181]
	at java.lang.Thread.run(Thread.java:748) ~[?:1.8.0_181]
Caused by: java.lang.reflect.InvocationTargetException
	at sun.reflect.NativeMethodAccessorImpl.invoke0(Native Method) ~[?:1.8.0_181]
	at sun.reflect.NativeMethodAccessorImpl.invoke(NativeMethodAccessorImpl.java:62) ~[?:1.8.0_181]
	at sun.reflect.DelegatingMethodAccessorImpl.invoke(DelegatingMethodAccessorImpl.java:43) ~[?:1.8.0_181]
	at java.lang.reflect.Method.invoke(Method.java:498) ~[?:1.8.0_181]
	at io.appium.java_client.remote.AppiumCommandExecutor$1.createSession(AppiumCommandExecutor.java:185) ~[java-client-6.1.0.jar:?]
	... 19 more
Caused by: org.openqa.selenium.WebDriverException: An unknown server-side error occurred while processing the command. Original error: Error executing adbExec. Original error: 'Command 'C\:\\App\\android-sdk-windows\\platform-tools\\adb.exe -P 5037 -s ZX1G227PZ7 pull /data/app/com.tencent.mm-1/base.apk C\:\\Users\\ADMINI~1\\AppData\\Local\\Temp\\com.tencent.mm.apk' exited with code 1'; Stderr: ''; Code: '1'
Build info: version: '3.12.0', revision: '7c6e0b3', time: '2018-05-08T14:04:26.12Z'
System info: host: 'KARAJAN-WIN10', ip: '192.168.3.10', os.name: 'Windows 10', os.arch: 'amd64', os.version: '10.0', java.version: '1.8.0_181'
Driver info: driver.version: AndroidDriver
remote stacktrace: UnknownError: An unknown server-side error occurred while processing the command. Original error: Error executing adbExec. Original error: 'Command 'C\:\\App\\android-sdk-windows\\platform-tools\\adb.exe -P 5037 -s ZX1G227PZ7 pull /data/app/com.tencent.mm-1/base.apk C\:\\Users\\ADMINI~1\\AppData\\Local\\Temp\\com.tencent.mm.apk' exited with code 1'; Stderr: ''; Code: '1'
    at getResponseForW3CError (C:\Users\Administrator\AppData\Roaming\npm\node_modules\appium\node_modules\appium-base-driver\lib\protocol\errors.js:826:9)
    at asyncHandler$ (C:\Users\Administrator\AppData\Roaming\npm\node_modules\appium\node_modules\appium-base-driver\lib\protocol\protocol.js:404:37)
    at tryCatch (C:\Users\Administrator\AppData\Roaming\npm\node_modules\appium\node_modules\babel-runtime\regenerator\runtime.js:67:40)
    at GeneratorFunctionPrototype.invoke [as _invoke] (C:\Users\Administrator\AppData\Roaming\npm\node_modules\appium\node_modules\babel-runtime\regenerator\runtime.js:315:22)
    at GeneratorFunctionPrototype.prototype.(anonymous function) [as next] (C:\Users\Administrator\AppData\Roaming\npm\node_modules\appium\node_modules\babel-runtime\regenerator\runtime.js:100:21)
    at GeneratorFunctionPrototype.invoke (C:\Users\Administrator\AppData\Roaming\npm\node_modules\appium\node_modules\babel-runtime\regenerator\runtime.js:136:37)
    at <anonymous>
	at sun.reflect.NativeConstructorAccessorImpl.newInstance0(Native Method) ~[?:1.8.0_181]
	at sun.reflect.NativeConstructorAccessorImpl.newInstance(NativeConstructorAccessorImpl.java:62) ~[?:1.8.0_181]
	at sun.reflect.DelegatingConstructorAccessorImpl.newInstance(DelegatingConstructorAccessorImpl.java:45) ~[?:1.8.0_181]
	at java.lang.reflect.Constructor.newInstance(Constructor.java:423) ~[?:1.8.0_181]
	at org.openqa.selenium.remote.W3CHandshakeResponse.lambda$new$0(W3CHandshakeResponse.java:57) ~[selenium-remote-driver-3.12.0.jar:?]
	at org.openqa.selenium.remote.W3CHandshakeResponse.lambda$getResponseFunction$2(W3CHandshakeResponse.java:104) ~[selenium-remote-driver-3.12.0.jar:?]
	at org.openqa.selenium.remote.ProtocolHandshake.lambda$createSession$0(ProtocolHandshake.java:123) ~[selenium-remote-driver-3.12.0.jar:?]
	at java.util.stream.ReferencePipeline$3$1.accept(ReferencePipeline.java:193) ~[?:1.8.0_181]
	at java.util.Spliterators$ArraySpliterator.tryAdvance(Spliterators.java:958) ~[?:1.8.0_181]
	at java.util.stream.ReferencePipeline.forEachWithCancel(ReferencePipeline.java:126) ~[?:1.8.0_181]
	at java.util.stream.AbstractPipeline.copyIntoWithCancel(AbstractPipeline.java:498) ~[?:1.8.0_181]
	at java.util.stream.AbstractPipeline.copyInto(AbstractPipeline.java:485) ~[?:1.8.0_181]
	at java.util.stream.AbstractPipeline.wrapAndCopyInto(AbstractPipeline.java:471) ~[?:1.8.0_181]
	at java.util.stream.FindOps$FindOp.evaluateSequential(FindOps.java:152) ~[?:1.8.0_181]
	at java.util.stream.AbstractPipeline.evaluate(AbstractPipeline.java:234) ~[?:1.8.0_181]
	at java.util.stream.ReferencePipeline.findFirst(ReferencePipeline.java:464) ~[?:1.8.0_181]
	at org.openqa.selenium.remote.ProtocolHandshake.createSession(ProtocolHandshake.java:126) ~[selenium-remote-driver-3.12.0.jar:?]
	at sun.reflect.NativeMethodAccessorImpl.invoke0(Native Method) ~[?:1.8.0_181]
	at sun.reflect.NativeMethodAccessorImpl.invoke(NativeMethodAccessorImpl.java:62) ~[?:1.8.0_181]
	at sun.reflect.DelegatingMethodAccessorImpl.invoke(DelegatingMethodAccessorImpl.java:43) ~[?:1.8.0_181]
	at java.lang.reflect.Method.invoke(Method.java:498) ~[?:1.8.0_181]
	at io.appium.java_client.remote.AppiumCommandExecutor$1.createSession(AppiumCommandExecutor.java:185) ~[java-client-6.1.0.jar:?]
	... 19 more

2019-02-22 22:58:39.126 INFO  [ZX1G227PZ7-0] [Stop:20] call - [ZX1G227PZ7] stopping...
2019-02-22 22:58:39.180 INFO  [ZX1G227PZ7-0] [AndroidDevice:978] stopRemoteAppiumServer - [ZX1G227PZ7] stop appium Server
2019-02-22 22:58:41.401 INFO  [ZX1G227PZ7-0] [Stop:34] call - [ZX1G227PZ7] stopped
2019-02-22 22:58:41.401 INFO  [main] [AndroidDevice:448] stop - [ZX1G227PZ7] stop done
2019-02-22 22:58:41.413 INFO  [ADM-1] [AndroidDevice$1:1225] onSuccess - Callbacks run success[true]
2019-02-22 22:58:41.530 INFO  [main] [AndroidDevice:296] addAdapter - [ZX1G22MMSQ-WeChatAdapter] added 
2019-02-22 22:58:41.531 INFO  [main] [AndroidDeviceManager:164] detectDevices - Add Device:[ZX1G22MMSQ] to device container
2019-02-22 22:58:41.531 INFO  [main] [AndroidDeviceManager:171] detectDevices - Try to start Device:[ZX1G22MMSQ]
2019-02-22 22:58:41.531 INFO  [ZX1G22MMSQ-0] [Init:27] call - [ZX1G22MMSQ] Init...
2019-02-22 22:58:41.531 INFO  [ZX1G22MMSQ-0] [Init:37] call - [ZX1G22MMSQ] start proxy...
2019-02-22 22:58:41.539 INFO  [ZX1G22MMSQ-0] [AndroidDevice:900] startProxy - Proxy started @proxyPort 41001
2019-02-22 22:58:41.540 INFO  [ZX1G22MMSQ-0] [Init:41] call - [ZX1G22MMSQ] setup wifi proxy...
2019-02-22 22:58:42.498 INFO  [ZX1G22MMSQ-0] [AndroidUtil:356] execShell - 
2019-02-22 22:58:43.406 INFO  [ZX1G22MMSQ-0] [AndroidUtil:356] execShell - 
